<?xml version="1.0" encoding="UTF-8"?>
<coverage generated="1622471028">
  <project timestamp="1622471028">
    <file name="C:\wamp64\www\api-laravel\app\Console\Kernel.php">
      <class name="App\Console\Kernel" namespace="global">
        <metrics complexity="1" methods="1" coveredmethods="1" conditionals="0" coveredconditionals="0" statements="3" coveredstatements="3" elements="4" coveredelements="4"/>
      </class>
      <line num="35" type="method" name="commands" visibility="protected" complexity="1" crap="1" count="17"/>
      <line num="37" type="stmt" count="17"/>
      <line num="39" type="stmt" count="17"/>
      <line num="40" type="stmt" count="17"/>
      <metrics loc="41" ncloc="21" classes="1" methods="1" coveredmethods="1" conditionals="0" coveredconditionals="0" statements="3" coveredstatements="3" elements="4" coveredelements="4"/>
    </file>
    <file name="C:\wamp64\www\api-laravel\app\Exceptions\Handler.php">
      <class name="App\Exceptions\Handler" namespace="global">
        <metrics complexity="1" methods="1" coveredmethods="1" conditionals="0" coveredconditionals="0" statements="3" coveredstatements="3" elements="4" coveredelements="4"/>
      </class>
      <line num="35" type="method" name="register" visibility="public" complexity="1" crap="1" count="6"/>
      <line num="37" type="stmt" count="6"/>
      <line num="39" type="stmt" count="6"/>
      <line num="40" type="stmt" count="6"/>
      <metrics loc="41" ncloc="26" classes="1" methods="1" coveredmethods="1" conditionals="0" coveredconditionals="0" statements="3" coveredstatements="3" elements="4" coveredelements="4"/>
    </file>
    <file name="C:\wamp64\www\api-laravel\app\Http\Controllers\AuthController.php">
      <class name="App\Http\Controllers\AuthController" namespace="global">
        <metrics complexity="2" methods="1" coveredmethods="0" conditionals="0" coveredconditionals="0" statements="6" coveredstatements="0" elements="7" coveredelements="0"/>
      </class>
      <line num="17" type="method" name="authenticate" visibility="public" complexity="2" crap="6" count="0"/>
      <line num="19" type="stmt" count="0"/>
      <line num="21" type="stmt" count="0"/>
      <line num="22" type="stmt" count="0"/>
      <line num="24" type="stmt" count="0"/>
      <line num="27" type="stmt" count="0"/>
      <line num="28" type="stmt" count="0"/>
      <metrics loc="31" ncloc="26" classes="1" methods="1" coveredmethods="0" conditionals="0" coveredconditionals="0" statements="6" coveredstatements="0" elements="7" coveredelements="0"/>
    </file>
    <file name="C:\wamp64\www\api-laravel\app\Http\Controllers\Auth\AuthenticatedSessionController.php">
      <class name="App\Http\Controllers\Auth\AuthenticatedSessionController" namespace="global">
        <metrics complexity="3" methods="3" coveredmethods="2" conditionals="0" coveredconditionals="0" statements="8" coveredstatements="4" elements="11" coveredelements="6"/>
      </class>
      <line num="18" type="method" name="create" visibility="public" complexity="1" crap="1" count="1"/>
      <line num="20" type="stmt" count="1"/>
      <line num="29" type="method" name="store" visibility="public" complexity="1" crap="1" count="2"/>
      <line num="31" type="stmt" count="2"/>
      <line num="33" type="stmt" count="1"/>
      <line num="35" type="stmt" count="1"/>
      <line num="44" type="method" name="destroy" visibility="public" complexity="1" crap="2" count="0"/>
      <line num="46" type="stmt" count="0"/>
      <line num="48" type="stmt" count="0"/>
      <line num="50" type="stmt" count="0"/>
      <line num="52" type="stmt" count="0"/>
      <metrics loc="54" ncloc="37" classes="1" methods="3" coveredmethods="2" conditionals="0" coveredconditionals="0" statements="8" coveredstatements="4" elements="11" coveredelements="6"/>
    </file>
    <file name="C:\wamp64\www\api-laravel\app\Http\Controllers\Auth\ConfirmablePasswordController.php">
      <class name="App\Http\Controllers\Auth\ConfirmablePasswordController" namespace="global">
        <metrics complexity="3" methods="2" coveredmethods="2" conditionals="0" coveredconditionals="0" statements="8" coveredstatements="8" elements="10" coveredelements="10"/>
      </class>
      <line num="18" type="method" name="show" visibility="public" complexity="1" crap="1" count="1"/>
      <line num="20" type="stmt" count="1"/>
      <line num="29" type="method" name="store" visibility="public" complexity="2" crap="2" count="2"/>
      <line num="31" type="stmt" count="2"/>
      <line num="32" type="stmt" count="2"/>
      <line num="33" type="stmt" count="2"/>
      <line num="35" type="stmt" count="1"/>
      <line num="36" type="stmt" count="1"/>
      <line num="40" type="stmt" count="1"/>
      <line num="42" type="stmt" count="1"/>
      <metrics loc="44" ncloc="33" classes="1" methods="2" coveredmethods="2" conditionals="0" coveredconditionals="0" statements="8" coveredstatements="8" elements="10" coveredelements="10"/>
    </file>
    <file name="C:\wamp64\www\api-laravel\app\Http\Controllers\Auth\EmailVerificationNotificationController.php">
      <class name="App\Http\Controllers\Auth\EmailVerificationNotificationController" namespace="global">
        <metrics complexity="2" methods="1" coveredmethods="0" conditionals="0" coveredconditionals="0" statements="4" coveredstatements="0" elements="5" coveredelements="0"/>
      </class>
      <line num="17" type="method" name="store" visibility="public" complexity="2" crap="6" count="0"/>
      <line num="19" type="stmt" count="0"/>
      <line num="20" type="stmt" count="0"/>
      <line num="23" type="stmt" count="0"/>
      <line num="25" type="stmt" count="0"/>
      <metrics loc="27" ncloc="21" classes="1" methods="1" coveredmethods="0" conditionals="0" coveredconditionals="0" statements="4" coveredstatements="0" elements="5" coveredelements="0"/>
    </file>
    <file name="C:\wamp64\www\api-laravel\app\Http\Controllers\Auth\EmailVerificationPromptController.php">
      <class name="App\Http\Controllers\Auth\EmailVerificationPromptController" namespace="global">
        <metrics complexity="2" methods="1" coveredmethods="0" conditionals="0" coveredconditionals="0" statements="3" coveredstatements="2" elements="4" coveredelements="2"/>
      </class>
      <line num="17" type="method" name="__invoke" visibility="public" complexity="2" crap="2.15" count="1"/>
      <line num="19" type="stmt" count="1"/>
      <line num="20" type="stmt" count="0"/>
      <line num="21" type="stmt" count="1"/>
      <metrics loc="23" ncloc="17" classes="1" methods="1" coveredmethods="0" conditionals="0" coveredconditionals="0" statements="3" coveredstatements="2" elements="4" coveredelements="2"/>
    </file>
    <file name="C:\wamp64\www\api-laravel\app\Http\Controllers\Auth\NewPasswordController.php">
      <class name="App\Http\Controllers\Auth\NewPasswordController" namespace="global">
        <metrics complexity="3" methods="2" coveredmethods="1" conditionals="0" coveredconditionals="0" statements="18" coveredstatements="17" elements="20" coveredelements="18"/>
      </class>
      <line num="21" type="method" name="create" visibility="public" complexity="1" crap="1" count="1"/>
      <line num="23" type="stmt" count="1"/>
      <line num="34" type="method" name="store" visibility="public" complexity="2" crap="2.00" count="1"/>
      <line num="36" type="stmt" count="1"/>
      <line num="37" type="stmt" count="1"/>
      <line num="38" type="stmt" count="1"/>
      <line num="39" type="stmt" count="1"/>
      <line num="45" type="stmt" count="1"/>
      <line num="46" type="stmt" count="1"/>
      <line num="47" type="stmt" count="1"/>
      <line num="48" type="stmt" count="1"/>
      <line num="49" type="stmt" count="1"/>
      <line num="50" type="stmt" count="1"/>
      <line num="51" type="stmt" count="1"/>
      <line num="53" type="stmt" count="1"/>
      <line num="54" type="stmt" count="1"/>
      <line num="60" type="stmt" count="1"/>
      <line num="61" type="stmt" count="1"/>
      <line num="62" type="stmt" count="0"/>
      <line num="63" type="stmt" count="1"/>
      <metrics loc="65" ncloc="51" classes="1" methods="2" coveredmethods="1" conditionals="0" coveredconditionals="0" statements="18" coveredstatements="17" elements="20" coveredelements="18"/>
    </file>
    <file name="C:\wamp64\www\api-laravel\app\Http\Controllers\Auth\PasswordResetLinkController.php">
      <class name="App\Http\Controllers\Auth\PasswordResetLinkController" namespace="global">
        <metrics complexity="3" methods="2" coveredmethods="1" conditionals="0" coveredconditionals="0" statements="9" coveredstatements="8" elements="11" coveredelements="9"/>
      </class>
      <line num="16" type="method" name="create" visibility="public" complexity="1" crap="1" count="1"/>
      <line num="18" type="stmt" count="1"/>
      <line num="29" type="method" name="store" visibility="public" complexity="2" crap="2.01" count="3"/>
      <line num="31" type="stmt" count="3"/>
      <line num="32" type="stmt" count="3"/>
      <line num="38" type="stmt" count="3"/>
      <line num="39" type="stmt" count="3"/>
      <line num="42" type="stmt" count="3"/>
      <line num="43" type="stmt" count="3"/>
      <line num="44" type="stmt" count="0"/>
      <line num="45" type="stmt" count="3"/>
      <metrics loc="47" ncloc="34" classes="1" methods="2" coveredmethods="1" conditionals="0" coveredconditionals="0" statements="9" coveredstatements="8" elements="11" coveredelements="9"/>
    </file>
    <file name="C:\wamp64\www\api-laravel\app\Http\Controllers\Auth\RegisteredUserController.php">
      <class name="App\Http\Controllers\Auth\RegisteredUserController" namespace="global">
        <metrics complexity="2" methods="2" coveredmethods="2" conditionals="0" coveredconditionals="0" statements="12" coveredstatements="12" elements="14" coveredelements="14"/>
      </class>
      <line num="21" type="method" name="create" visibility="public" complexity="1" crap="1" count="1"/>
      <line num="23" type="stmt" count="1"/>
      <line num="34" type="method" name="store" visibility="public" complexity="1" crap="1" count="1"/>
      <line num="36" type="stmt" count="1"/>
      <line num="37" type="stmt" count="1"/>
      <line num="38" type="stmt" count="1"/>
      <line num="39" type="stmt" count="1"/>
      <line num="42" type="stmt" count="1"/>
      <line num="43" type="stmt" count="1"/>
      <line num="44" type="stmt" count="1"/>
      <line num="45" type="stmt" count="1"/>
      <line num="48" type="stmt" count="1"/>
      <line num="50" type="stmt" count="1"/>
      <line num="52" type="stmt" count="1"/>
      <metrics loc="54" ncloc="41" classes="1" methods="2" coveredmethods="2" conditionals="0" coveredconditionals="0" statements="12" coveredstatements="12" elements="14" coveredelements="14"/>
    </file>
    <file name="C:\wamp64\www\api-laravel\app\Http\Controllers\Auth\VerifyEmailController.php">
      <class name="App\Http\Controllers\Auth\VerifyEmailController" namespace="global">
        <metrics complexity="3" methods="1" coveredmethods="0" conditionals="0" coveredconditionals="0" statements="5" coveredstatements="4" elements="6" coveredelements="4"/>
      </class>
      <line num="18" type="method" name="__invoke" visibility="public" complexity="3" crap="3.07" count="1"/>
      <line num="20" type="stmt" count="1"/>
      <line num="21" type="stmt" count="0"/>
      <line num="24" type="stmt" count="1"/>
      <line num="25" type="stmt" count="1"/>
      <line num="28" type="stmt" count="1"/>
      <metrics loc="30" ncloc="24" classes="1" methods="1" coveredmethods="0" conditionals="0" coveredconditionals="0" statements="5" coveredstatements="4" elements="6" coveredelements="4"/>
    </file>
    <file name="C:\wamp64\www\api-laravel\app\Http\Controllers\CatController.php">
      <class name="App\Http\Controllers\CatController" namespace="global">
        <metrics complexity="1" methods="1" coveredmethods="0" conditionals="0" coveredconditionals="0" statements="4" coveredstatements="0" elements="5" coveredelements="0"/>
      </class>
      <line num="11" type="method" name="index" visibility="public" complexity="1" crap="2" count="0"/>
      <line num="13" type="stmt" count="0"/>
      <line num="14" type="stmt" count="0"/>
      <line num="15" type="stmt" count="0"/>
      <line num="17" type="stmt" count="0"/>
      <metrics loc="19" ncloc="19" classes="1" methods="1" coveredmethods="0" conditionals="0" coveredconditionals="0" statements="4" coveredstatements="0" elements="5" coveredelements="0"/>
    </file>
    <file name="C:\wamp64\www\api-laravel\app\Http\Controllers\Controller.php">
      <class name="App\Http\Controllers\Controller" namespace="global">
        <metrics complexity="0" methods="0" coveredmethods="0" conditionals="0" coveredconditionals="0" statements="0" coveredstatements="0" elements="0" coveredelements="0"/>
      </class>
      <metrics loc="13" ncloc="13" classes="0" methods="0" coveredmethods="0" conditionals="0" coveredconditionals="0" statements="0" coveredstatements="0" elements="0" coveredelements="0"/>
    </file>
    <file name="C:\wamp64\www\api-laravel\app\Http\Controllers\RedisController.php">
      <class name="App\Http\Controllers\RedisController" namespace="global">
        <metrics complexity="9" methods="3" coveredmethods="0" conditionals="0" coveredconditionals="0" statements="32" coveredstatements="0" elements="35" coveredelements="0"/>
      </class>
      <line num="14" type="method" name="listarCats" visibility="public" complexity="5" crap="30" count="0"/>
      <line num="16" type="stmt" count="0"/>
      <line num="18" type="stmt" count="0"/>
      <line num="20" type="stmt" count="0"/>
      <line num="21" type="stmt" count="0"/>
      <line num="24" type="stmt" count="0"/>
      <line num="26" type="stmt" count="0"/>
      <line num="27" type="stmt" count="0"/>
      <line num="28" type="stmt" count="0"/>
      <line num="30" type="stmt" count="0"/>
      <line num="31" type="stmt" count="0"/>
      <line num="32" type="stmt" count="0"/>
      <line num="37" type="stmt" count="0"/>
      <line num="42" type="stmt" count="0"/>
      <line num="43" type="stmt" count="0"/>
      <line num="44" type="stmt" count="0"/>
      <line num="46" type="stmt" count="0"/>
      <line num="47" type="stmt" count="0"/>
      <line num="48" type="stmt" count="0"/>
      <line num="50" type="stmt" count="0"/>
      <line num="53" type="stmt" count="0"/>
      <line num="56" type="method" name="GravarCats" visibility="public" complexity="3" crap="12" count="0"/>
      <line num="58" type="stmt" count="0"/>
      <line num="59" type="stmt" count="0"/>
      <line num="61" type="stmt" count="0"/>
      <line num="62" type="stmt" count="0"/>
      <line num="63" type="stmt" count="0"/>
      <line num="65" type="stmt" count="0"/>
      <line num="66" type="stmt" count="0"/>
      <line num="67" type="stmt" count="0"/>
      <line num="69" type="stmt" count="0"/>
      <line num="72" type="stmt" count="0"/>
      <line num="76" type="stmt" count="0"/>
      <line num="79" type="method" name="useApi" visibility="public" complexity="1" crap="2" count="0"/>
      <metrics loc="81" ncloc="76" classes="1" methods="3" coveredmethods="0" conditionals="0" coveredconditionals="0" statements="32" coveredstatements="0" elements="35" coveredelements="0"/>
    </file>
    <file name="C:\wamp64\www\api-laravel\app\Http\Kernel.php">
      <class name="App\Http\Kernel" namespace="global">
        <metrics complexity="0" methods="0" coveredmethods="0" conditionals="0" coveredconditionals="0" statements="0" coveredstatements="0" elements="0" coveredelements="0"/>
      </class>
      <metrics loc="66" ncloc="45" classes="0" methods="0" coveredmethods="0" conditionals="0" coveredconditionals="0" statements="0" coveredstatements="0" elements="0" coveredelements="0"/>
    </file>
    <file name="C:\wamp64\www\api-laravel\app\Http\Middleware\Authenticate.php">
      <class name="App\Http\Middleware\Authenticate" namespace="global">
        <metrics complexity="2" methods="1" coveredmethods="0" conditionals="0" coveredconditionals="0" statements="3" coveredstatements="2" elements="4" coveredelements="2"/>
      </class>
      <line num="15" type="method" name="redirectTo" visibility="protected" complexity="2" crap="2.15" count="2"/>
      <line num="17" type="stmt" count="2"/>
      <line num="18" type="stmt" count="2"/>
      <line num="20" type="stmt" count="0"/>
      <metrics loc="21" ncloc="15" classes="1" methods="1" coveredmethods="0" conditionals="0" coveredconditionals="0" statements="3" coveredstatements="2" elements="4" coveredelements="2"/>
    </file>
    <file name="C:\wamp64\www\api-laravel\app\Http\Middleware\EncryptCookies.php">
      <class name="App\Http\Middleware\EncryptCookies" namespace="global">
        <metrics complexity="0" methods="0" coveredmethods="0" conditionals="0" coveredconditionals="0" statements="0" coveredstatements="0" elements="0" coveredelements="0"/>
      </class>
      <metrics loc="17" ncloc="12" classes="0" methods="0" coveredmethods="0" conditionals="0" coveredconditionals="0" statements="0" coveredstatements="0" elements="0" coveredelements="0"/>
    </file>
    <file name="C:\wamp64\www\api-laravel\app\Http\Middleware\PreventRequestsDuringMaintenance.php">
      <class name="App\Http\Middleware\PreventRequestsDuringMaintenance" namespace="global">
        <metrics complexity="0" methods="0" coveredmethods="0" conditionals="0" coveredconditionals="0" statements="0" coveredstatements="0" elements="0" coveredelements="0"/>
      </class>
      <metrics loc="17" ncloc="12" classes="0" methods="0" coveredmethods="0" conditionals="0" coveredconditionals="0" statements="0" coveredstatements="0" elements="0" coveredelements="0"/>
    </file>
    <file name="C:\wamp64\www\api-laravel\app\Http\Middleware\RedirectIfAuthenticated.php">
      <class name="App\Http\Middleware\RedirectIfAuthenticated" namespace="global">
        <metrics complexity="4" methods="1" coveredmethods="0" conditionals="0" coveredconditionals="0" statements="5" coveredstatements="4" elements="6" coveredelements="4"/>
      </class>
      <line num="20" type="method" name="handle" visibility="public" complexity="4" crap="4.13" count="9"/>
      <line num="22" type="stmt" count="9"/>
      <line num="24" type="stmt" count="9"/>
      <line num="25" type="stmt" count="9"/>
      <line num="26" type="stmt" count="0"/>
      <line num="30" type="stmt" count="9"/>
      <metrics loc="32" ncloc="24" classes="1" methods="1" coveredmethods="0" conditionals="0" coveredconditionals="0" statements="5" coveredstatements="4" elements="6" coveredelements="4"/>
    </file>
    <file name="C:\wamp64\www\api-laravel\app\Http\Middleware\TrimStrings.php">
      <class name="App\Http\Middleware\TrimStrings" namespace="global">
        <metrics complexity="0" methods="0" coveredmethods="0" conditionals="0" coveredconditionals="0" statements="0" coveredstatements="0" elements="0" coveredelements="0"/>
      </class>
      <metrics loc="19" ncloc="14" classes="0" methods="0" coveredmethods="0" conditionals="0" coveredconditionals="0" statements="0" coveredstatements="0" elements="0" coveredelements="0"/>
    </file>
    <file name="C:\wamp64\www\api-laravel\app\Http\Middleware\TrustHosts.php">
      <class name="App\Http\Middleware\TrustHosts" namespace="global">
        <metrics complexity="1" methods="1" coveredmethods="0" conditionals="0" coveredconditionals="0" statements="1" coveredstatements="0" elements="2" coveredelements="0"/>
      </class>
      <line num="14" type="method" name="hosts" visibility="public" complexity="1" crap="2" count="0"/>
      <line num="17" type="stmt" count="0"/>
      <metrics loc="20" ncloc="15" classes="1" methods="1" coveredmethods="0" conditionals="0" coveredconditionals="0" statements="1" coveredstatements="0" elements="2" coveredelements="0"/>
    </file>
    <file name="C:\wamp64\www\api-laravel\app\Http\Middleware\TrustProxies.php">
      <class name="App\Http\Middleware\TrustProxies" namespace="global">
        <metrics complexity="0" methods="0" coveredmethods="0" conditionals="0" coveredconditionals="0" statements="0" coveredstatements="0" elements="0" coveredelements="0"/>
      </class>
      <metrics loc="23" ncloc="13" classes="0" methods="0" coveredmethods="0" conditionals="0" coveredconditionals="0" statements="0" coveredstatements="0" elements="0" coveredelements="0"/>
    </file>
    <file name="C:\wamp64\www\api-laravel\app\Http\Middleware\VerifyCsrfToken.php">
      <class name="App\Http\Middleware\VerifyCsrfToken" namespace="global">
        <metrics complexity="0" methods="0" coveredmethods="0" conditionals="0" coveredconditionals="0" statements="0" coveredstatements="0" elements="0" coveredelements="0"/>
      </class>
      <metrics loc="17" ncloc="12" classes="0" methods="0" coveredmethods="0" conditionals="0" coveredconditionals="0" statements="0" coveredstatements="0" elements="0" coveredelements="0"/>
    </file>
    <file name="C:\wamp64\www\api-laravel\app\Http\Requests\Auth\LoginRequest.php">
      <class name="App\Http\Requests\Auth\LoginRequest" namespace="global">
        <metrics complexity="7" methods="5" coveredmethods="4" conditionals="0" coveredconditionals="0" statements="18" coveredstatements="12" elements="23" coveredelements="16"/>
      </class>
      <line num="19" type="method" name="authorize" visibility="public" complexity="1" crap="1" count="2"/>
      <line num="21" type="stmt" count="2"/>
      <line num="29" type="method" name="rules" visibility="public" complexity="1" crap="1" count="2"/>
      <line num="32" type="stmt" count="2"/>
      <line num="44" type="method" name="authenticate" visibility="public" complexity="2" crap="2" count="2"/>
      <line num="46" type="stmt" count="2"/>
      <line num="48" type="stmt" count="2"/>
      <line num="49" type="stmt" count="1"/>
      <line num="51" type="stmt" count="1"/>
      <line num="52" type="stmt" count="1"/>
      <line num="56" type="stmt" count="1"/>
      <line num="57" type="stmt" count="1"/>
      <line num="66" type="method" name="ensureIsNotRateLimited" visibility="public" complexity="2" crap="3.69" count="2"/>
      <line num="68" type="stmt" count="2"/>
      <line num="69" type="stmt" count="2"/>
      <line num="72" type="stmt" count="0"/>
      <line num="74" type="stmt" count="0"/>
      <line num="76" type="stmt" count="0"/>
      <line num="77" type="stmt" count="0"/>
      <line num="78" type="stmt" count="0"/>
      <line num="79" type="stmt" count="0"/>
      <line num="89" type="method" name="throttleKey" visibility="public" complexity="1" crap="1" count="2"/>
      <line num="91" type="stmt" count="2"/>
      <metrics loc="93" ncloc="64" classes="1" methods="5" coveredmethods="4" conditionals="0" coveredconditionals="0" statements="18" coveredstatements="12" elements="23" coveredelements="16"/>
    </file>
    <file name="C:\wamp64\www\api-laravel\app\Models\Cats.php">
      <class name="App\Models\Cats" namespace="global">
        <metrics complexity="0" methods="0" coveredmethods="0" conditionals="0" coveredconditionals="0" statements="0" coveredstatements="0" elements="0" coveredelements="0"/>
      </class>
      <metrics loc="24" ncloc="19" classes="0" methods="0" coveredmethods="0" conditionals="0" coveredconditionals="0" statements="0" coveredstatements="0" elements="0" coveredelements="0"/>
    </file>
    <file name="C:\wamp64\www\api-laravel\app\Models\Flight.php">
      <class name="App\Models\Flight" namespace="global">
        <metrics complexity="0" methods="0" coveredmethods="0" conditionals="0" coveredconditionals="0" statements="0" coveredstatements="0" elements="0" coveredelements="0"/>
      </class>
      <metrics loc="11" ncloc="11" classes="0" methods="0" coveredmethods="0" conditionals="0" coveredconditionals="0" statements="0" coveredstatements="0" elements="0" coveredelements="0"/>
    </file>
    <file name="C:\wamp64\www\api-laravel\app\Models\Gatos.php">
      <class name="App\Models\Gatos" namespace="global">
        <metrics complexity="0" methods="0" coveredmethods="0" conditionals="0" coveredconditionals="0" statements="0" coveredstatements="0" elements="0" coveredelements="0"/>
      </class>
      <metrics loc="11" ncloc="11" classes="0" methods="0" coveredmethods="0" conditionals="0" coveredconditionals="0" statements="0" coveredstatements="0" elements="0" coveredelements="0"/>
    </file>
    <file name="C:\wamp64\www\api-laravel\app\Models\User.php">
      <class name="App\Models\User" namespace="global">
        <metrics complexity="0" methods="0" coveredmethods="0" conditionals="0" coveredconditionals="0" statements="0" coveredstatements="0" elements="0" coveredelements="0"/>
      </class>
      <metrics loc="43" ncloc="28" classes="0" methods="0" coveredmethods="0" conditionals="0" coveredconditionals="0" statements="0" coveredstatements="0" elements="0" coveredelements="0"/>
    </file>
    <file name="C:\wamp64\www\api-laravel\app\Providers\AppServiceProvider.php">
      <class name="App\Providers\AppServiceProvider" namespace="global">
        <metrics complexity="2" methods="2" coveredmethods="2" conditionals="0" coveredconditionals="0" statements="2" coveredstatements="2" elements="4" coveredelements="4"/>
      </class>
      <line num="14" type="method" name="register" visibility="public" complexity="1" crap="1" count="17"/>
      <line num="17" type="stmt" count="17"/>
      <line num="24" type="method" name="boot" visibility="public" complexity="1" crap="1" count="17"/>
      <line num="27" type="stmt" count="17"/>
      <metrics loc="28" ncloc="18" classes="1" methods="2" coveredmethods="2" conditionals="0" coveredconditionals="0" statements="2" coveredstatements="2" elements="4" coveredelements="4"/>
    </file>
    <file name="C:\wamp64\www\api-laravel\app\Providers\AuthServiceProvider.php">
      <class name="App\Providers\AuthServiceProvider" namespace="global">
        <metrics complexity="1" methods="1" coveredmethods="1" conditionals="0" coveredconditionals="0" statements="2" coveredstatements="2" elements="3" coveredelements="3"/>
      </class>
      <line num="24" type="method" name="boot" visibility="public" complexity="1" crap="1" count="17"/>
      <line num="26" type="stmt" count="17"/>
      <line num="29" type="stmt" count="17"/>
      <metrics loc="30" ncloc="20" classes="1" methods="1" coveredmethods="1" conditionals="0" coveredconditionals="0" statements="2" coveredstatements="2" elements="3" coveredelements="3"/>
    </file>
    <file name="C:\wamp64\www\api-laravel\app\Providers\BroadcastServiceProvider.php">
      <class name="App\Providers\BroadcastServiceProvider" namespace="global">
        <metrics complexity="1" methods="1" coveredmethods="0" conditionals="0" coveredconditionals="0" statements="3" coveredstatements="0" elements="4" coveredelements="0"/>
      </class>
      <line num="15" type="method" name="boot" visibility="public" complexity="1" crap="2" count="0"/>
      <line num="17" type="stmt" count="0"/>
      <line num="19" type="stmt" count="0"/>
      <line num="20" type="stmt" count="0"/>
      <metrics loc="21" ncloc="16" classes="1" methods="1" coveredmethods="0" conditionals="0" coveredconditionals="0" statements="3" coveredstatements="0" elements="4" coveredelements="0"/>
    </file>
    <file name="C:\wamp64\www\api-laravel\app\Providers\EventServiceProvider.php">
      <class name="App\Providers\EventServiceProvider" namespace="global">
        <metrics complexity="1" methods="1" coveredmethods="1" conditionals="0" coveredconditionals="0" statements="1" coveredstatements="1" elements="2" coveredelements="2"/>
      </class>
      <line num="28" type="method" name="boot" visibility="public" complexity="1" crap="1" count="17"/>
      <line num="31" type="stmt" count="17"/>
      <metrics loc="32" ncloc="22" classes="1" methods="1" coveredmethods="1" conditionals="0" coveredconditionals="0" statements="1" coveredstatements="1" elements="2" coveredelements="2"/>
    </file>
    <file name="C:\wamp64\www\api-laravel\app\Providers\RouteServiceProvider.php">
      <class name="App\Providers\RouteServiceProvider" namespace="global">
        <metrics complexity="3" methods="2" coveredmethods="1" conditionals="0" coveredconditionals="0" statements="15" coveredstatements="14" elements="17" coveredelements="15"/>
      </class>
      <line num="36" type="method" name="boot" visibility="public" complexity="1" crap="1" count="17"/>
      <line num="38" type="stmt" count="17"/>
      <line num="40" type="stmt" count="17"/>
      <line num="41" type="stmt" count="17"/>
      <line num="42" type="stmt" count="17"/>
      <line num="43" type="stmt" count="17"/>
      <line num="44" type="stmt" count="17"/>
      <line num="46" type="stmt" count="17"/>
      <line num="47" type="stmt" count="17"/>
      <line num="48" type="stmt" count="17"/>
      <line num="49" type="stmt" count="17"/>
      <line num="50" type="stmt" count="17"/>
      <line num="57" type="method" name="configureRateLimiting" visibility="protected" complexity="2" crap="2.06" count="17"/>
      <line num="59" type="stmt" count="17"/>
      <line num="60" type="stmt" count="0"/>
      <line num="61" type="stmt" count="17"/>
      <line num="62" type="stmt" count="17"/>
      <metrics loc="63" ncloc="38" classes="1" methods="2" coveredmethods="1" conditionals="0" coveredconditionals="0" statements="15" coveredstatements="14" elements="17" coveredelements="15"/>
    </file>
    <file name="C:\wamp64\www\api-laravel\app\View\Components\AppLayout.php">
      <class name="App\View\Components\AppLayout" namespace="global">
        <metrics complexity="1" methods="1" coveredmethods="0" conditionals="0" coveredconditionals="0" statements="1" coveredstatements="0" elements="2" coveredelements="0"/>
      </class>
      <line num="14" type="method" name="render" visibility="public" complexity="1" crap="2" count="0"/>
      <line num="16" type="stmt" count="0"/>
      <metrics loc="18" ncloc="13" classes="1" methods="1" coveredmethods="0" conditionals="0" coveredconditionals="0" statements="1" coveredstatements="0" elements="2" coveredelements="0"/>
    </file>
    <file name="C:\wamp64\www\api-laravel\app\View\Components\GuestLayout.php">
      <class name="App\View\Components\GuestLayout" namespace="global">
        <metrics complexity="1" methods="1" coveredmethods="1" conditionals="0" coveredconditionals="0" statements="1" coveredstatements="1" elements="2" coveredelements="2"/>
      </class>
      <line num="14" type="method" name="render" visibility="public" complexity="1" crap="1" count="6"/>
      <line num="16" type="stmt" count="6"/>
      <metrics loc="18" ncloc="13" classes="1" methods="1" coveredmethods="1" conditionals="0" coveredconditionals="0" statements="1" coveredstatements="1" elements="2" coveredelements="2"/>
    </file>
    <metrics files="35" loc="1194" ncloc="874" classes="24" methods="38" coveredmethods="20" conditionals="0" coveredconditionals="0" statements="167" coveredstatements="99" elements="205" coveredelements="119"/>
  </project>
</coverage>
