<?xml version="1.0" encoding="UTF-8"?>
<testsuites>
  <testsuite name="" tests="18" assertions="30" errors="0" warnings="0" failures="0" skipped="0" time="30.558212">
    <testsuite name="Unit" tests="1" assertions="1" errors="0" warnings="0" failures="0" skipped="0" time="0.065756">
      <testsuite name="Tests\Unit\ExampleTest" file="C:\wamp64\www\api-laravel\tests\Unit\ExampleTest.php" tests="1" assertions="1" errors="0" warnings="0" failures="0" skipped="0" time="0.065756">
        <testcase name="test_example" class="Tests\Unit\ExampleTest" classname="Tests.Unit.ExampleTest" file="C:\wamp64\www\api-laravel\tests\Unit\ExampleTest.php" line="14" assertions="1" time="0.065756"/>
      </testsuite>
    </testsuite>
    <testsuite name="Personalizados" tests="17" assertions="29" errors="0" warnings="0" failures="0" skipped="0" time="30.492456">
      <testsuite name="Tests\Feature\AuthenticationTest" file="C:\wamp64\www\api-laravel\tests\Personalizados\AuthenticationTest.php" tests="3" assertions="5" errors="0" warnings="0" failures="0" skipped="0" time="14.120708">
        <testcase name="test_login_screen_can_be_rendered" class="Tests\Feature\AuthenticationTest" classname="Tests.Feature.AuthenticationTest" file="C:\wamp64\www\api-laravel\tests\Personalizados\AuthenticationTest.php" line="15" assertions="1" time="5.136542"/>
        <testcase name="test_users_can_authenticate_using_the_login_screen" class="Tests\Feature\AuthenticationTest" classname="Tests.Feature.AuthenticationTest" file="C:\wamp64\www\api-laravel\tests\Personalizados\AuthenticationTest.php" line="22" assertions="3" time="8.484523"/>
        <testcase name="test_users_can_not_authenticate_with_invalid_password" class="Tests\Feature\AuthenticationTest" classname="Tests.Feature.AuthenticationTest" file="C:\wamp64\www\api-laravel\tests\Personalizados\AuthenticationTest.php" line="37" assertions="1" time="0.499643"/>
      </testsuite>
      <testsuite name="Tests\Personalizados\CatControllerTest" file="C:\wamp64\www\api-laravel\tests\Personalizados\CatControllerTest.php" tests="1" assertions="3" errors="0" warnings="0" failures="0" skipped="0" time="0.290978">
        <testcase name="test_index" class="Tests\Personalizados\CatControllerTest" classname="Tests.Personalizados.CatControllerTest" file="C:\wamp64\www\api-laravel\tests\Personalizados\CatControllerTest.php" line="14" assertions="3" time="0.290978"/>
      </testsuite>
      <testsuite name="Tests\Personalizados\EmailVerificationTest" file="C:\wamp64\www\api-laravel\tests\Personalizados\EmailVerificationTest.php" tests="3" assertions="6" errors="0" warnings="0" failures="0" skipped="0" time="3.708161">
        <testcase name="test_email_verification_screen_can_be_rendered" class="Tests\Personalizados\EmailVerificationTest" classname="Tests.Personalizados.EmailVerificationTest" file="C:\wamp64\www\api-laravel\tests\Personalizados\EmailVerificationTest.php" line="17" assertions="1" time="0.609629"/>
        <testcase name="test_email_can_be_verified" class="Tests\Personalizados\EmailVerificationTest" classname="Tests.Personalizados.EmailVerificationTest" file="C:\wamp64\www\api-laravel\tests\Personalizados\EmailVerificationTest.php" line="28" assertions="4" time="1.859972"/>
        <testcase name="test_email_is_not_verified_with_invalid_hash" class="Tests\Personalizados\EmailVerificationTest" classname="Tests.Personalizados.EmailVerificationTest" file="C:\wamp64\www\api-laravel\tests\Personalizados\EmailVerificationTest.php" line="49" assertions="1" time="1.238561"/>
      </testsuite>
      <testsuite name="Tests\Personalizados\PasswordConfirmationTest" file="C:\wamp64\www\api-laravel\tests\Personalizados\PasswordConfirmationTest.php" tests="3" assertions="4" errors="0" warnings="0" failures="0" skipped="0" time="1.581274">
        <testcase name="test_confirm_password_screen_can_be_rendered" class="Tests\Personalizados\PasswordConfirmationTest" classname="Tests.Personalizados.PasswordConfirmationTest" file="C:\wamp64\www\api-laravel\tests\Personalizados\PasswordConfirmationTest.php" line="13" assertions="1" time="0.405064"/>
        <testcase name="test_password_can_be_confirmed" class="Tests\Personalizados\PasswordConfirmationTest" classname="Tests.Personalizados.PasswordConfirmationTest" file="C:\wamp64\www\api-laravel\tests\Personalizados\PasswordConfirmationTest.php" line="22" assertions="2" time="0.679028"/>
        <testcase name="test_password_is_not_confirmed_with_invalid_password" class="Tests\Personalizados\PasswordConfirmationTest" classname="Tests.Personalizados.PasswordConfirmationTest" file="C:\wamp64\www\api-laravel\tests\Personalizados\PasswordConfirmationTest.php" line="34" assertions="1" time="0.497182"/>
      </testsuite>
      <testsuite name="Tests\Personalizados\PasswordResetTest" file="C:\wamp64\www\api-laravel\tests\Personalizados\PasswordResetTest.php" tests="4" assertions="6" errors="0" warnings="0" failures="0" skipped="0" time="6.767303">
        <testcase name="test_reset_password_link_screen_can_be_rendered" class="Tests\Personalizados\PasswordResetTest" classname="Tests.Personalizados.PasswordResetTest" file="C:\wamp64\www\api-laravel\tests\Personalizados\PasswordResetTest.php" line="15" assertions="1" time="0.322908"/>
        <testcase name="test_reset_password_link_can_be_requested" class="Tests\Personalizados\PasswordResetTest" classname="Tests.Personalizados.PasswordResetTest" file="C:\wamp64\www\api-laravel\tests\Personalizados\PasswordResetTest.php" line="22" assertions="1" time="4.917605"/>
        <testcase name="test_reset_password_screen_can_be_rendered" class="Tests\Personalizados\PasswordResetTest" classname="Tests.Personalizados.PasswordResetTest" file="C:\wamp64\www\api-laravel\tests\Personalizados\PasswordResetTest.php" line="33" assertions="2" time="0.387372"/>
        <testcase name="test_password_can_be_reset_with_valid_token" class="Tests\Personalizados\PasswordResetTest" classname="Tests.Personalizados.PasswordResetTest" file="C:\wamp64\www\api-laravel\tests\Personalizados\PasswordResetTest.php" line="50" assertions="2" time="1.139420"/>
      </testsuite>
      <testsuite name="Tests\Personalizados\RedisControllerTest" file="C:\wamp64\www\api-laravel\tests\Personalizados\RedisControllerTest.php" tests="1" assertions="1" errors="0" warnings="0" failures="0" skipped="0" time="3.460207">
        <testcase name="test_getApi" class="Tests\Personalizados\RedisControllerTest" classname="Tests.Personalizados.RedisControllerTest" file="C:\wamp64\www\api-laravel\tests\Personalizados\RedisControllerTest.php" line="20" assertions="1" time="3.460207"/>
      </testsuite>
      <testsuite name="Tests\Personalizados\RegistrationTest" file="C:\wamp64\www\api-laravel\tests\Personalizados\RegistrationTest.php" tests="2" assertions="4" errors="0" warnings="0" failures="0" skipped="0" time="0.563825">
        <testcase name="test_registration_screen_can_be_rendered" class="Tests\Personalizados\RegistrationTest" classname="Tests.Personalizados.RegistrationTest" file="C:\wamp64\www\api-laravel\tests\Personalizados\RegistrationTest.php" line="13" assertions="1" time="0.180250"/>
        <testcase name="test_new_users_can_register" class="Tests\Personalizados\RegistrationTest" classname="Tests.Personalizados.RegistrationTest" file="C:\wamp64\www\api-laravel\tests\Personalizados\RegistrationTest.php" line="20" assertions="3" time="0.383575"/>
      </testsuite>
    </testsuite>
  </testsuite>
</testsuites>
